<?xml version="1.0" encoding="UTF-8"?>
<!-- Generated by org.testng.reporters.JUnitReportReporter -->
<testsuite hostname="Venkataraghavan-Pillay" failures="0" tests="1" name="tests.LoginTest" time="1.845" errors="0" timestamp="2025-08-31T03:14:31 IST" skipped="0">
  <testcase classname="tests.LoginTest" name="validLoginTest" time="1.845"/>
</testsuite> <!-- tests.LoginTest -->
